/usr/src/oq-engine/openquake/hazardlib/gsim/base.py:348: ExperimentalWarning: CanadaSHM6_ActiveCrust_BooreEtAl2014 is experimental and may change in future versions - the user is liable for their application
  warnings.warn(msg, ExperimentalWarning)
[2021-06-23 16:36:21 #2 INFO] openquake running /__w/OpenQuake-GitHub-Actions-demo-public/OpenQuake-GitHub-Actions-demo-public/private/thobbs/scenario-catalogue/deterministic/initializations/s_Hazard_IDM5p7_CR2022Aftershock.ini [--hc=None]
[2021-06-23 16:36:21 #2 INFO] Using engine version 3.12.0-gita0f41cc
[2021-06-23 16:36:22 #2 WARNING] Using 2 cores on 55cda4dae883
[2021-06-23 16:36:22 #2 INFO] Checksum of the input files: 2189550413
[2021-06-23 16:36:22 #2 INFO] Reading the risk model if present
[2021-06-23 16:36:22 #2 INFO] Extracting the hazard sites from the site model
[2021-06-23 16:36:22 #2 INFO] Read N=136702 hazard sites and L=8 hazard levels
[2021-06-23 16:36:23 #2 INFO] gzipping the input files
[2021-06-23 16:36:23 #2 INFO] minimum_intensity={}
[2021-06-23 16:36:23 #2 INFO] There are 4 realization(s)
[2021-06-23 16:36:23 #2 INFO] Reordering the ruptures and storing the events
[2021-06-23 16:36:23 #2 INFO] Reading 1 ruptures
[2021-06-23 16:36:27 #2 INFO] compute_gmfs 100% [1 submitted, 0 queued]
[2021-06-23 16:36:27 #2 INFO] Received {'gmfdata': '7.39 MB', 'sig_eps': '989 B', 'times': '317 B', 'hcurves': '5 B'} in 3 seconds from compute_gmfs
[2021-06-23 16:36:27 #2 INFO] Stored 5.68 MB of GMFs
[2021-06-23 16:36:43 #2 INFO] Checking seed dependency
[2021-06-23 16:36:43 #2 WARNING] Your results are expected to have a large dependency from ses_seed
[2021-06-23 16:36:43 #2 INFO] Exposing the outputs to the database
[2021-06-23 16:36:43 #2 INFO] Stored 26.73 MB on /home/openquake/oqdata/calc_2.hdf5 in 21 seconds
  id | name
   6 | Events
   7 | Full Report
   8 | Ground Motion Fields
   9 | Input Files
  10 | Realizations
Stopping the workers
	Command being timed: "stdbuf -oL oq engine --run private/thobbs/scenario-catalogue/deterministic/initializations/s_Hazard_IDM5p7_CR2022Aftershock.ini"
	User time (seconds): 23.81
	System time (seconds): 0.64
	Percent of CPU this job got: 101%
	Elapsed (wall clock) time (h:mm:ss or m:ss): 0:24.18
	Average shared text size (kbytes): 0
	Average unshared data size (kbytes): 0
	Average stack size (kbytes): 0
	Average total size (kbytes): 0
	Maximum resident set size (kbytes): 267180
	Average resident set size (kbytes): 0
	Major (requiring I/O) page faults: 0
	Minor (reclaiming a frame) page faults: 164666
	Voluntary context switches: 382
	Involuntary context switches: 945
	Swaps: 0
	File system inputs: 0
	File system outputs: 81576
	Socket messages sent: 0
	Socket messages received: 0
	Signals delivered: 0
	Page size (bytes): 4096
	Exit status: 0
